2021-05-26 08:22:54.429  INFO 86083 --- [main] c.h.a.c.CustomScannersServiceApplication : Starting CustomScannersServiceApplication on Lawrances-MacBook-Pro-2.local with PID 86083 (/Users/lawrance/.vscode/extensions/hcltechnologies.hclappscancodesweep-1.1.3/lib/custom-scanners-service-1.0.10.jar started by lawrance in /Users/lawrance/PycharmProjects/DjangoJazzmin)
2021-05-26 08:22:54.434  INFO 86083 --- [main] c.h.a.c.CustomScannersServiceApplication : No active profile set, falling back to default profiles: default
2021-05-26 08:22:57.745  INFO 86083 --- [main] o.s.b.w.embedded.tomcat.TomcatWebServer  : Tomcat initialized with port(s): 9221 (http)
2021-05-26 08:22:57.782  INFO 86083 --- [main] o.apache.catalina.core.StandardService   : Starting service [Tomcat]
2021-05-26 08:22:57.783  INFO 86083 --- [main] org.apache.catalina.core.StandardEngine  : Starting Servlet engine: [Apache Tomcat/9.0.29]
2021-05-26 08:22:57.940  INFO 86083 --- [main] o.a.c.c.C.[Tomcat].[localhost].[/]       : Initializing Spring embedded WebApplicationContext
2021-05-26 08:22:57.941 DEBUG 86083 --- [main] o.s.web.context.ContextLoader            : Published root WebApplicationContext as ServletContext attribute with name [org.springframework.web.context.WebApplicationContext.ROOT]
2021-05-26 08:22:57.941  INFO 86083 --- [main] o.s.web.context.ContextLoader            : Root WebApplicationContext: initialization completed in 3403 ms
2021-05-26 08:22:58.463 DEBUG 86083 --- [main] o.s.b.w.s.ServletContextInitializerBeans : Mapping filters: filterRegistrationBean urls=[/*] order=-2147483647, characterEncodingFilter urls=[/*] order=-2147483648, formContentFilter urls=[/*] order=-9900, requestContextFilter urls=[/*] order=-105
2021-05-26 08:22:58.464 DEBUG 86083 --- [main] o.s.b.w.s.ServletContextInitializerBeans : Mapping servlets: dispatcherServlet urls=[/]
2021-05-26 08:23:01.661 DEBUG 86083 --- [main] s.w.s.m.m.a.RequestMappingHandlerMapping : 19 mappings in 'requestMappingHandlerMapping'
2021-05-26 08:23:01.760  INFO 86083 --- [main] o.s.b.a.e.web.EndpointLinksResolver      : Exposing 2 endpoint(s) beneath base path '/actuator'
2021-05-26 08:23:01.900  INFO 86083 --- [main] pertySourcedRequestMappingHandlerMapping : Mapped URL path [/v2/api-docs] onto method [springfox.documentation.swagger2.web.Swagger2Controller#getDocumentation(String, HttpServletRequest)]
2021-05-26 08:23:02.125  INFO 86083 --- [main] o.s.s.concurrent.ThreadPoolTaskExecutor  : Initializing ExecutorService 'applicationTaskExecutor'
2021-05-26 08:23:02.165 DEBUG 86083 --- [main] s.w.s.m.m.a.RequestMappingHandlerAdapter : ControllerAdvice beans: 0 @ModelAttribute, 0 @InitBinder, 1 RequestBodyAdvice, 1 ResponseBodyAdvice
2021-05-26 08:23:02.424 DEBUG 86083 --- [main] o.s.w.s.handler.SimpleUrlHandlerMapping  : Patterns [/webjars/**, /**] in 'resourceHandlerMapping'
2021-05-26 08:23:02.443 DEBUG 86083 --- [main] .m.m.a.ExceptionHandlerExceptionResolver : ControllerAdvice beans: 1 @ExceptionHandler, 1 ResponseBodyAdvice
2021-05-26 08:23:02.579  INFO 86083 --- [main] d.s.w.p.DocumentationPluginsBootstrapper : Context refreshed
2021-05-26 08:23:02.631  INFO 86083 --- [main] d.s.w.p.DocumentationPluginsBootstrapper : Found 1 custom documentation plugin(s)
2021-05-26 08:23:02.751  INFO 86083 --- [main] s.d.s.w.s.ApiListingReferenceScanner     : Scanning for api listing references
2021-05-26 08:23:03.318  INFO 86083 --- [main] o.s.b.w.embedded.tomcat.TomcatWebServer  : Tomcat started on port(s): 9221 (http) with context path ''
2021-05-26 08:23:03.324  INFO 86083 --- [main] c.h.a.c.CustomScannersServiceApplication : Started CustomScannersServiceApplication in 10.167 seconds (JVM running for 11.712)
2021-05-26 08:23:03.496  INFO 86083 --- [http-nio-9221-exec-1] o.a.c.c.C.[Tomcat].[localhost].[/]       : Initializing Spring DispatcherServlet 'dispatcherServlet'
2021-05-26 08:23:03.497  INFO 86083 --- [http-nio-9221-exec-1] o.s.web.servlet.DispatcherServlet        : Initializing Servlet 'dispatcherServlet'
2021-05-26 08:23:03.497 DEBUG 86083 --- [http-nio-9221-exec-1] o.s.web.servlet.DispatcherServlet        : Detected StandardServletMultipartResolver
2021-05-26 08:23:03.512 DEBUG 86083 --- [http-nio-9221-exec-1] o.s.web.servlet.DispatcherServlet        : enableLoggingRequestDetails='false': request parameters and headers will be masked to prevent unsafe logging of potentially sensitive data
2021-05-26 08:23:03.512  INFO 86083 --- [http-nio-9221-exec-1] o.s.web.servlet.DispatcherServlet        : Completed initialization in 15 ms
2021-05-26 08:23:03.533 DEBUG 86083 --- [http-nio-9221-exec-1] o.s.web.servlet.DispatcherServlet        : GET "/v1/scanRules", parameters={}
2021-05-26 08:23:03.546 DEBUG 86083 --- [http-nio-9221-exec-1] s.w.s.m.m.a.RequestMappingHandlerMapping : Mapped to com.hcl.appscan.customscannersservice.controller.CustomScannersController#getScanRules(String[])
2021-05-26 08:23:03.596 DEBUG 86083 --- [http-nio-9221-exec-1] o.s.w.s.m.m.a.HttpEntityMethodProcessor  : Using 'application/json', given [application/json] and supported [application/json]
2021-05-26 08:23:03.610 DEBUG 86083 --- [http-nio-9221-exec-1] o.s.w.s.m.m.a.HttpEntityMethodProcessor  : Writing [{Golang={com.ouncelabs.languagelite.golang.rules.WeakCryptoGolang=CustomScannersServiceScanRule{rule (truncated)...]
2021-05-26 08:23:03.696 DEBUG 86083 --- [http-nio-9221-exec-1] o.s.web.servlet.DispatcherServlet        : Completed 200 OK
